<?xml version="1.0" encoding="UTF-8"?>
<!-- Generated by org.testng.reporters.JUnitReportReporter -->
<testsuite hostname="LALIT" failures="0" tests="1" name="Test.KiteTest" time="16.058" errors="0" timestamp="2022-07-16T00:07:23 IST" skipped="0">
  <testcase classname="Test.KiteTest" name="KiteLogin" time="16.058"/>
  <system-out/>
</testsuite> <!-- Test.KiteTest -->
