<?xml version="1.0" encoding="UTF-8"?>
<!-- Generated by org.testng.reporters.JUnitReportReporter -->
<testsuite hostname="LALIT" failures="0" tests="3" name="Test.AllTabTest" time="103.516" errors="0" timestamp="2022-07-15T23:34:11 IST" skipped="0">
  <testcase classname="Test.AllTabTest" name="ClickOnBuy" time="25.359"/>
  <system-out/>
  <testcase classname="Test.AllTabTest" name="ClickOnSell" time="45.118"/>
  <system-out/>
  <testcase classname="Test.AllTabTest" name="ClickOnMarketDepth" time="33.039"/>
  <system-out/>
</testsuite> <!-- Test.AllTabTest -->
