<?xml version="1.0" encoding="UTF-8"?>
<!-- Generated by org.testng.reporters.JUnitReportReporter -->
<testsuite hostname="LALIT" failures="0" tests="1" name="test.ZerodhaLoginPageTest" time="58.403" errors="0" timestamp="2022-07-01T23:24:16 IST" skipped="0">
  <testcase classname="test.ZerodhaLoginPageTest" name="loginTest" time="58.403"/>
  <system-out/>
</testsuite> <!-- test.ZerodhaLoginPageTest -->
